{"/home/charl/Workspace/reactNativeTsBoilerplate/src/config.ts": {"path":"/home/charl/Workspace/reactNativeTsBoilerplate/src/config.ts","statementMap":{"0":{"start":{"line":3,"column":13},"end":{"line":3,"column":38}},"1":{"start":{"line":4,"column":0},"end":{"line":6,"column":1}},"2":{"start":{"line":5,"column":4},"end":{"line":5,"column":48}}},"fnMap":{},"branchMap":{"0":{"loc":{"start":{"line":4,"column":0},"end":{"line":6,"column":1}},"type":"if","locations":[{"start":{"line":4,"column":0},"end":{"line":6,"column":1}},{"start":{"line":4,"column":0},"end":{"line":6,"column":1}}],"line":4}},"s":{"0":13,"1":13,"2":0},"f":{},"b":{"0":[0,13]},"inputSourceMap":{"version":3,"file":"config.js","sourceRoot":"","sources":["config.ts"],"names":[],"mappings":"AAAA,OAAO,MAAM,MAAM,2BAA2B,CAAA;AAC9C,OAAO,OAAO,MAAM,0BAA0B,CAAA;AAY9C,IAAI,MAAM,qBACH,MAAM,CACZ,CAAA;AAED,EAAE,CAAC,CAAC,OAAO,CAAC,GAAG,CAAC,QAAQ,KAAK,YAAY,CAAC,CAAC,CAAC;IACxC,MAAM,qBACC,MAAM,EACN,OAAO,CACb,CAAA;AACL,CAAC;AAED,eAAe,MAAM,CAAA","sourcesContent":["import devEnv from '../_env_/development.json'\nimport prodEnv from '../_env_/production.json'\n\nexport interface Env {\n    ENV: string\n    APP_NAME: string\n    STORE_KEY: string\n    LANGUAGE: {\n        DEFAULT_LOCALE: string\n        SUPPORTED_LOCALES: string[]\n    }\n}\n\nlet config: Env = {\n    ...devEnv,\n}\n\nif (process.env.NODE_ENV === 'production') {\n    config = {\n        ...config,\n        ...prodEnv,\n    }\n}\n\nexport default config\n"]},"_coverageSchema":"332fd63041d2c1bcb487cc26dd0d5f7d97098a6c","hash":"b09b17f26478bd24161a27b201044d20f09f25c7"}
,"/home/charl/Workspace/reactNativeTsBoilerplate/src/i18n.ts": {"path":"/home/charl/Workspace/reactNativeTsBoilerplate/src/i18n.ts","statementMap":{"0":{"start":{"line":11,"column":0},"end":{"line":11,"column":28}},"1":{"start":{"line":12,"column":0},"end":{"line":12,"column":28}},"2":{"start":{"line":13,"column":41},"end":{"line":28,"column":1}},"3":{"start":{"line":14,"column":37},"end":{"line":16,"column":12}},"4":{"start":{"line":17,"column":30},"end":{"line":17,"column":32}},"5":{"start":{"line":18,"column":24},"end":{"line":18,"column":45}},"6":{"start":{"line":19,"column":4},"end":{"line":26,"column":5}},"7":{"start":{"line":20,"column":8},"end":{"line":25,"column":62}},"8":{"start":{"line":27,"column":4},"end":{"line":27,"column":29}},"9":{"start":{"line":29,"column":35},"end":{"line":32,"column":1}}},"fnMap":{"0":{"name":"(anonymous_0)","decl":{"start":{"line":13,"column":41},"end":{"line":13,"column":42}},"loc":{"start":{"line":13,"column":63},"end":{"line":28,"column":1}},"line":13}},"branchMap":{"0":{"loc":{"start":{"line":14,"column":37},"end":{"line":16,"column":12}},"type":"cond-expr","locations":[{"start":{"line":15,"column":10},"end":{"line":15,"column":90}},{"start":{"line":16,"column":10},"end":{"line":16,"column":12}}],"line":14},"1":{"loc":{"start":{"line":21,"column":12},"end":{"line":25,"column":61}},"type":"cond-expr","locations":[{"start":{"line":22,"column":18},"end":{"line":22,"column":38}},{"start":{"line":23,"column":19},"end":{"line":25,"column":60}}],"line":21},"2":{"loc":{"start":{"line":24,"column":20},"end":{"line":25,"column":60}},"type":"binary-expr","locations":[{"start":{"line":24,"column":20},"end":{"line":24,"column":40}},{"start":{"line":25,"column":24},"end":{"line":25,"column":60}}],"line":24}},"s":{"0":3,"1":3,"2":3,"3":9,"4":9,"5":9,"6":9,"7":9,"8":9,"9":3},"f":{"0":9},"b":{"0":[3,6],"1":[6,3],"2":[3,0]},"inputSourceMap":{"version":3,"file":"i18n.js","sourceRoot":"","sources":["i18n.ts"],"names":[],"mappings":"AAAA,OAAO,MAAM,CAAA;AACb,OAAO,EAAE,aAAa,EAAE,MAAM,YAAY,CAAA;AAE1C,OAAO,YAAY,MAAM,2BAA2B,CAAA;AACpD,OAAO,YAAY,MAAM,2BAA2B,CAAA;AAEpD,OAAO,qBAAqB,MAAM,2BAA2B,CAAA;AAC7D,OAAO,qBAAqB,MAAM,2BAA2B,CAAA;AAE7D,OAAO,MAAM,MAAM,QAAQ,CAAA;AAE3B;;GAEG;AACH,aAAa,CAAC,YAAY,CAAC,CAAA;AAC3B,aAAa,CAAC,YAAY,CAAC,CAAA;AAE3B,MAAM,CAAC,MAAM,yBAAyB,GAAQ,CAC1C,MAAc,EACd,QAAa;IAEb,MAAM,wBAAwB,GAC1B,MAAM,KAAK,MAAM,CAAC,QAAQ,CAAC,cAAc;UACnC,yBAAyB,CACrB,MAAM,CAAC,QAAQ,CAAC,cAAc,EAC9B,qBAAqB,CACxB;UACD,EAAE,CAAA;IACZ,MAAM,iBAAiB,GAAQ,EAAE,CAAA;IACjC,MAAM,WAAW,GAAG,MAAM,CAAC,IAAI,CAAC,QAAQ,CAAC,CAAA;IAEzC,GAAG,CAAC,CAAC,MAAM,UAAU,IAAI,WAAW,CAAC,CAAC,CAAC;QACnC,iBAAiB,CAAC,UAAU,CAAC;YACzB,MAAM,KAAK,MAAM,CAAC,QAAQ,CAAC,cAAc;kBACnC,QAAQ,CAAC,UAAU,CAAC;kBACpB,CAAC,iBAAiB,CAAC,UAAU,CAAC;oBAC1B,QAAQ,CAAC,UAAU,CAAC;wBACpB,wBAAwB,CAAC,UAAU,CAAC,CAAC,CAAA;IACvD,CAAC;IAED,MAAM,CAAC,iBAAiB,CAAA;AAC5B,CAAC,CAAA;AAED,MAAM,CAAC,MAAM,mBAAmB,GAAQ;IACpC,EAAE,EAAE,yBAAyB,CAAC,IAAI,EAAE,qBAAqB,CAAC;IAC1D,EAAE,EAAE,yBAAyB,CAAC,IAAI,EAAE,qBAAqB,CAAC;CAC7D,CAAA","sourcesContent":["import 'intl'\nimport { addLocaleData } from 'react-intl'\n\nimport enLocaleData from 'react-intl/locale-data/en'\nimport frLocaleData from 'react-intl/locale-data/fr'\n\nimport enTranslationMessages from '../_translations_/en.json'\nimport frTranslationMessages from '../_translations_/fr.json'\n\nimport config from 'config'\n\n/**\n * add helpers to format date strings and all the i18n magic\n */\naddLocaleData(enLocaleData)\naddLocaleData(frLocaleData)\n\nexport const formatTranslationMessages: any = (\n    locale: string,\n    messages: any\n) => {\n    const defaultFormattedMessages: any =\n        locale !== config.LANGUAGE.DEFAULT_LOCALE\n            ? formatTranslationMessages(\n                  config.LANGUAGE.DEFAULT_LOCALE,\n                  enTranslationMessages\n              )\n            : {}\n    const formattedMessages: any = {}\n    const messageKeys = Object.keys(messages)\n\n    for (const messageKey of messageKeys) {\n        formattedMessages[messageKey] =\n            locale === config.LANGUAGE.DEFAULT_LOCALE\n                ? messages[messageKey]\n                : (formattedMessages[messageKey] =\n                      messages[messageKey] ||\n                      defaultFormattedMessages[messageKey])\n    }\n\n    return formattedMessages\n}\n\nexport const translationMessages: any = {\n    en: formatTranslationMessages('en', enTranslationMessages),\n    fr: formatTranslationMessages('fr', frTranslationMessages),\n}\n"]},"_coverageSchema":"332fd63041d2c1bcb487cc26dd0d5f7d97098a6c","hash":"7aad46ac27d0505554a4ff3770cf884ba3af857a"}
,"/home/charl/Workspace/reactNativeTsBoilerplate/src/index.tsx": {"path":"/home/charl/Workspace/reactNativeTsBoilerplate/src/index.tsx","statementMap":{"0":{"start":{"line":10,"column":8},"end":{"line":12,"column":51}},"1":{"start":{"line":15,"column":0},"end":{"line":15,"column":32}}},"fnMap":{"0":{"name":"(anonymous_0)","decl":{"start":{"line":9,"column":4},"end":{"line":9,"column":5}},"loc":{"start":{"line":9,"column":13},"end":{"line":13,"column":5}},"line":9}},"branchMap":{},"s":{"0":1,"1":1},"f":{"0":1},"b":{},"inputSourceMap":{"version":3,"file":"index.js","sourceRoot":"","sources":["index.tsx"],"names":[],"mappings":"AAAA,OAAO,IAAI,MAAM,MAAM,CAAA;AACvB,OAAO,KAAK,EAAE,EAAE,SAAS,EAAE,MAAM,OAAO,CAAA;AACxC,OAAO,EAAE,QAAQ,EAAE,MAAM,aAAa,CAAA;AAEtC,OAAO,EAAE,mBAAmB,EAAE,MAAM,MAAM,CAAA;AAC1C,OAAO,KAAK,MAAM,aAAa,CAAA;AAE/B,OAAO,gBAAgB,MAAM,6BAA6B,CAAA;AAC1D,OAAO,IAAI,MAAM,iBAAiB,CAAA;AAElC,MAAM,UAAW,SAAQ,SAAmB;IACxC,MAAM;QACF,MAAM,CAAC,CACH,oBAAC,QAAQ,IAAC,KAAK,EAAE,KAAK;YAClB,oBAAC,gBAAgB,IAAC,QAAQ,EAAE,mBAAmB;gBAC3C,oBAAC,IAAI,OAAG,CACO,CACZ,CACd,CAAA;IACL,CAAC;CACJ;AAED,IAAI,CAAC,qBAAqB,CAAC,GAAG,CAAC,CAAA","sourcesContent":["import Expo from 'expo'\nimport React, { Component } from 'react'\nimport { Provider } from 'react-redux'\n\nimport { translationMessages } from 'i18n'\nimport store from 'store/index'\n\nimport LanguageProvider from 'containers/LanguageProvider'\nimport Root from 'containers/Root'\n\nexport class App extends Component<any, any> {\n    render() {\n        return (\n            <Provider store={store}>\n                <LanguageProvider messages={translationMessages}>\n                    <Root />\n                </LanguageProvider>\n            </Provider>\n        )\n    }\n}\n\nExpo.registerRootComponent(App)\n"]},"_coverageSchema":"332fd63041d2c1bcb487cc26dd0d5f7d97098a6c","hash":"a790a235719ee17c1325d8d337c23c1407490e43"}
,"/home/charl/Workspace/reactNativeTsBoilerplate/src/components/intl/FormattedDate.tsx": {"path":"/home/charl/Workspace/reactNativeTsBoilerplate/src/components/intl/FormattedDate.tsx","statementMap":{"0":{"start":{"line":4,"column":28},"end":{"line":6,"column":1}},"1":{"start":{"line":5,"column":4},"end":{"line":5,"column":153}},"2":{"start":{"line":5,"column":89},"end":{"line":5,"column":149}}},"fnMap":{"0":{"name":"(anonymous_0)","decl":{"start":{"line":4,"column":28},"end":{"line":4,"column":29}},"loc":{"start":{"line":4,"column":37},"end":{"line":6,"column":1}},"line":4},"1":{"name":"(anonymous_1)","decl":{"start":{"line":5,"column":73},"end":{"line":5,"column":74}},"loc":{"start":{"line":5,"column":89},"end":{"line":5,"column":149}},"line":5}},"branchMap":{},"s":{"0":11,"1":1,"2":1},"f":{"0":1,"1":1},"b":{},"inputSourceMap":{"version":3,"file":"FormattedDate.js","sourceRoot":"","sources":["FormattedDate.tsx"],"names":[],"mappings":"AAAA,OAAO,KAA6B,MAAM,OAAO,CAAA;AACjD,OAAO,EAAE,aAAa,EAAE,MAAM,YAAY,CAAA;AAC1C,OAAO,EAAE,IAAI,EAAE,MAAM,cAAc,CAAA;AAGnC,MAAM,mBAAmB,GAA4C,KAAK;IACtE,MAAM,CAAC,CACH,oBAAC,aAAa,oBAAK,KAAK,GACnB,CAAC,SAAiB,KAAK,CACpB,oBAAC,IAAI,IAAC,KAAK,EAAE,KAAK,CAAC,KAAK,IAAG,SAAS,CAAQ,CAC/C,CACW,CACnB,CAAA;AACL,CAAC,CAAA;AAED,eAAe,mBAAmB,CAAA","sourcesContent":["import React, { StatelessComponent } from 'react'\nimport { FormattedDate } from 'react-intl'\nimport { Text } from 'react-native'\nimport { IFormattedDateProps } from './types'\n\nconst NativeFormattedDate: StatelessComponent<IFormattedDateProps> = props => {\n    return (\n        <FormattedDate {...props}>\n            {(localized: string) => (\n                <Text style={props.style}>{localized}</Text>\n            )}\n        </FormattedDate>\n    )\n}\n\nexport default NativeFormattedDate\n"]},"_coverageSchema":"332fd63041d2c1bcb487cc26dd0d5f7d97098a6c","hash":"d4a027921df7687a968c9c44bd3d6a1ca25ec8cb"}
,"/home/charl/Workspace/reactNativeTsBoilerplate/src/components/intl/FormattedMessage.tsx": {"path":"/home/charl/Workspace/reactNativeTsBoilerplate/src/components/intl/FormattedMessage.tsx","statementMap":{"0":{"start":{"line":4,"column":31},"end":{"line":14,"column":1}},"1":{"start":{"line":5,"column":4},"end":{"line":13,"column":8}},"2":{"start":{"line":6,"column":25},"end":{"line":11,"column":10}},"3":{"start":{"line":7,"column":12},"end":{"line":9,"column":13}},"4":{"start":{"line":8,"column":16},"end":{"line":8,"column":79}},"5":{"start":{"line":10,"column":12},"end":{"line":10,"column":24}},"6":{"start":{"line":12,"column":8},"end":{"line":12,"column":72}}},"fnMap":{"0":{"name":"(anonymous_0)","decl":{"start":{"line":4,"column":31},"end":{"line":4,"column":32}},"loc":{"start":{"line":4,"column":40},"end":{"line":14,"column":1}},"line":4},"1":{"name":"(anonymous_1)","decl":{"start":{"line":5,"column":76},"end":{"line":5,"column":77}},"loc":{"start":{"line":5,"column":90},"end":{"line":13,"column":5}},"line":5},"2":{"name":"(anonymous_2)","decl":{"start":{"line":6,"column":35},"end":{"line":6,"column":36}},"loc":{"start":{"line":6,"column":43},"end":{"line":11,"column":9}},"line":6}},"branchMap":{"0":{"loc":{"start":{"line":7,"column":12},"end":{"line":9,"column":13}},"type":"if","locations":[{"start":{"line":7,"column":12},"end":{"line":9,"column":13}},{"start":{"line":7,"column":12},"end":{"line":9,"column":13}}],"line":7}},"s":{"0":11,"1":4,"2":4,"3":4,"4":4,"5":0,"6":4},"f":{"0":4,"1":4,"2":4},"b":{"0":[4,0]},"inputSourceMap":{"version":3,"file":"FormattedMessage.js","sourceRoot":"","sources":["FormattedMessage.tsx"],"names":[],"mappings":"AAAA,OAAO,KAAK,EAAE,EAAE,aAAa,EAAE,cAAc,EAAsB,MAAM,OAAO,CAAA;AAChF,OAAO,EAAE,gBAAgB,EAAE,MAAM,YAAY,CAAA;AAC7C,OAAO,EAAE,IAAI,EAAE,MAAM,cAAc,CAAA;AAGnC,MAAM,sBAAsB,GAExB,KAAK;IACL,MAAM,CAAC,CACH,oBAAC,gBAAgB,oBAAK,KAAK,GACtB,CAAC,GAAG,KAAY;QACb,MAAM,QAAQ,GAAG,KAAK,CAAC,GAAG,CAAC,IAAI;YAC3B,EAAE,CAAC,CAAC,CAAC,cAAc,CAAC,IAAI,CAAC,CAAC,CAAC,CAAC;gBACxB,MAAM,CAAC,oBAAC,IAAI,IAAC,KAAK,EAAE,KAAK,CAAC,KAAK,IAAG,IAAI,CAAQ,CAAA;YAClD,CAAC;YACD,MAAM,CAAC,IAAI,CAAA;QACf,CAAC,CAAC,CAAA;QACF,MAAM,CAAC,aAAa,CAAC,IAAI,EAAE,EAAE,KAAK,EAAE,KAAK,CAAC,KAAK,EAAE,EAAE,GAAG,QAAQ,CAAC,CAAA;IACnE,CAAC,CACc,CACtB,CAAA;AACL,CAAC,CAAA;AAED,eAAe,sBAAsB,CAAA","sourcesContent":["import React, { createElement, isValidElement, StatelessComponent } from 'react'\nimport { FormattedMessage } from 'react-intl'\nimport { Text } from 'react-native'\nimport { IFormattedMessageProps } from './types'\n\nconst NativeFormattedMessage: StatelessComponent<\n    IFormattedMessageProps\n> = props => {\n    return (\n        <FormattedMessage {...props}>\n            {(...nodes: any[]) => {\n                const newNodes = nodes.map(node => {\n                    if (!isValidElement(node)) {\n                        return <Text style={props.style}>{node}</Text>\n                    }\n                    return node\n                })\n                return createElement(Text, { style: props.style }, ...newNodes)\n            }}\n        </FormattedMessage>\n    )\n}\n\nexport default NativeFormattedMessage\n"]},"_coverageSchema":"332fd63041d2c1bcb487cc26dd0d5f7d97098a6c","hash":"a84b7559819a4b0d40f80e871e8dbdab594cf84a"}
,"/home/charl/Workspace/reactNativeTsBoilerplate/src/components/intl/FormattedNumber.tsx": {"path":"/home/charl/Workspace/reactNativeTsBoilerplate/src/components/intl/FormattedNumber.tsx","statementMap":{"0":{"start":{"line":1,"column":13},"end":{"line":9,"column":1}},"1":{"start":{"line":2,"column":12},"end":{"line":2,"column":14}},"2":{"start":{"line":3,"column":4},"end":{"line":4,"column":20}},"3":{"start":{"line":3,"column":21},"end":{"line":4,"column":20}},"4":{"start":{"line":4,"column":8},"end":{"line":4,"column":20}},"5":{"start":{"line":5,"column":4},"end":{"line":7,"column":30}},"6":{"start":{"line":6,"column":8},"end":{"line":7,"column":30}},"7":{"start":{"line":6,"column":80},"end":{"line":7,"column":30}},"8":{"start":{"line":7,"column":12},"end":{"line":7,"column":30}},"9":{"start":{"line":8,"column":4},"end":{"line":8,"column":13}},"10":{"start":{"line":13,"column":30},"end":{"line":17,"column":1}},"11":{"start":{"line":14,"column":33},"end":{"line":14,"column":35}},"12":{"start":{"line":14,"column":45},"end":{"line":14,"column":81}},"13":{"start":{"line":15,"column":26},"end":{"line":15,"column":74}},"14":{"start":{"line":16,"column":4},"end":{"line":16,"column":155}},"15":{"start":{"line":16,"column":98},"end":{"line":16,"column":152}}},"fnMap":{"0":{"name":"(anonymous_0)","decl":{"start":{"line":1,"column":38},"end":{"line":1,"column":39}},"loc":{"start":{"line":1,"column":54},"end":{"line":9,"column":1}},"line":1},"1":{"name":"(anonymous_1)","decl":{"start":{"line":13,"column":30},"end":{"line":13,"column":31}},"loc":{"start":{"line":13,"column":38},"end":{"line":17,"column":1}},"line":13},"2":{"name":"(anonymous_2)","decl":{"start":{"line":16,"column":83},"end":{"line":16,"column":84}},"loc":{"start":{"line":16,"column":98},"end":{"line":16,"column":152}},"line":16}},"branchMap":{"0":{"loc":{"start":{"line":1,"column":13},"end":{"line":9,"column":1}},"type":"binary-expr","locations":[{"start":{"line":1,"column":14},"end":{"line":1,"column":18}},{"start":{"line":1,"column":22},"end":{"line":1,"column":33}},{"start":{"line":1,"column":38},"end":{"line":9,"column":1}}],"line":1},"1":{"loc":{"start":{"line":3,"column":21},"end":{"line":4,"column":20}},"type":"if","locations":[{"start":{"line":3,"column":21},"end":{"line":4,"column":20}},{"start":{"line":3,"column":21},"end":{"line":4,"column":20}}],"line":3},"2":{"loc":{"start":{"line":3,"column":25},"end":{"line":3,"column":87}},"type":"binary-expr","locations":[{"start":{"line":3,"column":25},"end":{"line":3,"column":67}},{"start":{"line":3,"column":71},"end":{"line":3,"column":87}}],"line":3},"3":{"loc":{"start":{"line":5,"column":4},"end":{"line":7,"column":30}},"type":"if","locations":[{"start":{"line":5,"column":4},"end":{"line":7,"column":30}},{"start":{"line":5,"column":4},"end":{"line":7,"column":30}}],"line":5},"4":{"loc":{"start":{"line":5,"column":8},"end":{"line":5,"column":71}},"type":"binary-expr","locations":[{"start":{"line":5,"column":8},"end":{"line":5,"column":17}},{"start":{"line":5,"column":21},"end":{"line":5,"column":71}}],"line":5},"5":{"loc":{"start":{"line":6,"column":80},"end":{"line":7,"column":30}},"type":"if","locations":[{"start":{"line":6,"column":80},"end":{"line":7,"column":30}},{"start":{"line":6,"column":80},"end":{"line":7,"column":30}}],"line":6}},"s":{"0":11,"1":1,"2":1,"3":2,"4":1,"5":1,"6":1,"7":0,"8":0,"9":1,"10":11,"11":1,"12":1,"13":1,"14":1,"15":1},"f":{"0":1,"1":1,"2":1},"b":{"0":[11,0,11],"1":[1,1],"2":[2,2],"3":[1,0],"4":[1,1],"5":[0,0]},"inputSourceMap":{"version":3,"file":"FormattedNumber.js","sourceRoot":"","sources":["FormattedNumber.tsx"],"names":[],"mappings":";;;;;;;;;AAAA,OAAO,KAA6B,MAAM,OAAO,CAAA;AACjD,OAAO,EAAE,eAAe,EAAE,MAAM,YAAY,CAAA;AAC5C,OAAO,EAAE,IAAI,EAAE,MAAM,cAAc,CAAA;AAInC,MAAM,qBAAqB,GAA8C,CAAC,EAIzE;QAJyE,EACtE,KAAK,EACL,WAAW,OAEd,EADG,4CAAQ;IAER,MAAM,aAAa,qBACZ,KAAK,IACR,KAAK,EAAE,WAAW,GACrB,CAAA;IAED,MAAM,CAAC,CACH,oBAAC,eAAe,oBAAK,aAAa,GAC7B,CAAC,SAAiB,KAAK,oBAAC,IAAI,IAAC,KAAK,EAAE,KAAK,IAAG,SAAS,CAAQ,CAChD,CACrB,CAAA;AACL,CAAC,CAAA;AAED,eAAe,qBAAqB,CAAA","sourcesContent":["import React, { StatelessComponent } from 'react'\nimport { FormattedNumber } from 'react-intl'\nimport { Text } from 'react-native'\n\nimport { IFormattedNumberProps } from './types'\n\nconst NativeFormattedNumber: StatelessComponent<IFormattedNumberProps> = ({\n    style,\n    formatStyle,\n    ...other,\n}) => {\n    const formatOptions = {\n        ...other,\n        style: formatStyle,\n    }\n\n    return (\n        <FormattedNumber {...formatOptions}>\n            {(localized: string) => <Text style={style}>{localized}</Text>}\n        </FormattedNumber>\n    )\n}\n\nexport default NativeFormattedNumber\n"]},"_coverageSchema":"332fd63041d2c1bcb487cc26dd0d5f7d97098a6c","hash":"d69c0540106d766276e71f50d0d6e7f52c506090"}
,"/home/charl/Workspace/reactNativeTsBoilerplate/src/components/intl/FormattedPlural.tsx": {"path":"/home/charl/Workspace/reactNativeTsBoilerplate/src/components/intl/FormattedPlural.tsx","statementMap":{"0":{"start":{"line":4,"column":30},"end":{"line":6,"column":1}},"1":{"start":{"line":5,"column":4},"end":{"line":5,"column":159}},"2":{"start":{"line":5,"column":91},"end":{"line":5,"column":155}}},"fnMap":{"0":{"name":"(anonymous_0)","decl":{"start":{"line":4,"column":30},"end":{"line":4,"column":31}},"loc":{"start":{"line":4,"column":39},"end":{"line":6,"column":1}},"line":4},"1":{"name":"(anonymous_1)","decl":{"start":{"line":5,"column":75},"end":{"line":5,"column":76}},"loc":{"start":{"line":5,"column":91},"end":{"line":5,"column":155}},"line":5}},"branchMap":{},"s":{"0":11,"1":1,"2":1},"f":{"0":1,"1":1},"b":{},"inputSourceMap":{"version":3,"file":"FormattedPlural.js","sourceRoot":"","sources":["FormattedPlural.tsx"],"names":[],"mappings":"AAAA,OAAO,KAA6B,MAAM,OAAO,CAAA;AACjD,OAAO,EAAE,eAAe,EAAE,MAAM,YAAY,CAAA;AAC5C,OAAO,EAAE,IAAI,EAAE,MAAM,cAAc,CAAA;AAInC,MAAM,qBAAqB,GAAyC,KAAK;IACrE,MAAM,CAAC,CACH,oBAAC,eAAe,oBAAK,KAAK,GACrB,CAAC,SAAiB,KAAK,CACpB,oBAAC,IAAI,IAAC,KAAK,EAAE,KAAK,CAAC,SAAS,IAAG,SAAS,CAAQ,CACnD,CACa,CACrB,CAAA;AACL,CAAC,CAAA;AAED,eAAe,qBAAqB,CAAA","sourcesContent":["import React, { StatelessComponent } from 'react'\nimport { FormattedPlural } from 'react-intl'\nimport { Text } from 'react-native'\n\nimport { IFormattedPlural } from './types'\n\nconst NativeFormattedPlural: StatelessComponent<IFormattedPlural> = props => {\n    return (\n        <FormattedPlural {...props}>\n            {(localized: string) => (\n                <Text style={props.textStyle}>{localized}</Text>\n            )}\n        </FormattedPlural>\n    )\n}\n\nexport default NativeFormattedPlural\n"]},"_coverageSchema":"332fd63041d2c1bcb487cc26dd0d5f7d97098a6c","hash":"8e20f3e6e83d9820ac7b70368f127300fb615fe8"}
,"/home/charl/Workspace/reactNativeTsBoilerplate/src/components/intl/FormattedTime.tsx": {"path":"/home/charl/Workspace/reactNativeTsBoilerplate/src/components/intl/FormattedTime.tsx","statementMap":{"0":{"start":{"line":4,"column":28},"end":{"line":6,"column":1}},"1":{"start":{"line":5,"column":4},"end":{"line":5,"column":153}},"2":{"start":{"line":5,"column":89},"end":{"line":5,"column":149}}},"fnMap":{"0":{"name":"(anonymous_0)","decl":{"start":{"line":4,"column":28},"end":{"line":4,"column":29}},"loc":{"start":{"line":4,"column":37},"end":{"line":6,"column":1}},"line":4},"1":{"name":"(anonymous_1)","decl":{"start":{"line":5,"column":73},"end":{"line":5,"column":74}},"loc":{"start":{"line":5,"column":89},"end":{"line":5,"column":149}},"line":5}},"branchMap":{},"s":{"0":11,"1":1,"2":1},"f":{"0":1,"1":1},"b":{},"inputSourceMap":{"version":3,"file":"FormattedTime.js","sourceRoot":"","sources":["FormattedTime.tsx"],"names":[],"mappings":"AAAA,OAAO,KAA6B,MAAM,OAAO,CAAA;AACjD,OAAO,EAAE,aAAa,EAAE,MAAM,YAAY,CAAA;AAC1C,OAAO,EAAE,IAAI,EAAE,MAAM,cAAc,CAAA;AAInC,MAAM,mBAAmB,GAAuC,KAAK;IACjE,MAAM,CAAC,CACH,oBAAC,aAAa,oBAAK,KAAK,GACnB,CAAC,SAAiB,KAAK,CACpB,oBAAC,IAAI,IAAC,KAAK,EAAE,KAAK,CAAC,KAAK,IAAG,SAAS,CAAQ,CAC/C,CACW,CACnB,CAAA;AACL,CAAC,CAAA;AAED,eAAe,mBAAmB,CAAA","sourcesContent":["import React, { StatelessComponent } from 'react'\nimport { FormattedTime } from 'react-intl'\nimport { Text } from 'react-native'\n\nimport { IFormattedTime } from './types'\n\nconst NativeFormattedTime: StatelessComponent<IFormattedTime> = props => {\n    return (\n        <FormattedTime {...props}>\n            {(localized: string) => (\n                <Text style={props.style}>{localized}</Text>\n            )}\n        </FormattedTime>\n    )\n}\n\nexport default NativeFormattedTime\n"]},"_coverageSchema":"332fd63041d2c1bcb487cc26dd0d5f7d97098a6c","hash":"60dc8de07316c69983e7f7f819e76cb3b41afa91"}
,"/home/charl/Workspace/reactNativeTsBoilerplate/src/components/intl/index.ts": {"path":"/home/charl/Workspace/reactNativeTsBoilerplate/src/components/intl/index.ts","statementMap":{},"fnMap":{},"branchMap":{},"s":{},"f":{},"b":{},"inputSourceMap":{"version":3,"file":"index.js","sourceRoot":"","sources":["index.ts"],"names":[],"mappings":"AAAA,OAAO,aAAa,MAAM,iBAAiB,CAAA;AAC3C,OAAO,gBAAgB,MAAM,oBAAoB,CAAA;AACjD,OAAO,eAAe,MAAM,mBAAmB,CAAA;AAC/C,OAAO,eAAe,MAAM,mBAAmB,CAAA;AAC/C,OAAO,aAAa,MAAM,iBAAiB,CAAA;AAE3C,OAAO,EACH,aAAa,EACb,gBAAgB,EAChB,eAAe,EACf,eAAe,EACf,aAAa,GAChB,CAAA","sourcesContent":["import FormattedDate from './FormattedDate'\nimport FormattedMessage from './FormattedMessage'\nimport FormattedNumber from './FormattedNumber'\nimport FormattedPlural from './FormattedPlural'\nimport FormattedTime from './FormattedTime'\n\nexport {\n    FormattedDate,\n    FormattedMessage,\n    FormattedNumber,\n    FormattedPlural,\n    FormattedTime,\n}\n"]},"_coverageSchema":"332fd63041d2c1bcb487cc26dd0d5f7d97098a6c","hash":"54371061667cb793f8838eedc718210453c4f90e"}
,"/home/charl/Workspace/reactNativeTsBoilerplate/src/containers/LanguageProvider/index.tsx": {"path":"/home/charl/Workspace/reactNativeTsBoilerplate/src/containers/LanguageProvider/index.tsx","statementMap":{"0":{"start":{"line":6,"column":32},"end":{"line":8,"column":1}},"1":{"start":{"line":7,"column":4},"end":{"line":7,"column":105}},"2":{"start":{"line":9,"column":31},"end":{"line":11,"column":2}},"3":{"start":{"line":9,"column":41},"end":{"line":11,"column":1}}},"fnMap":{"0":{"name":"(anonymous_0)","decl":{"start":{"line":6,"column":32},"end":{"line":6,"column":33}},"loc":{"start":{"line":6,"column":102},"end":{"line":8,"column":1}},"line":6},"1":{"name":"(anonymous_1)","decl":{"start":{"line":9,"column":31},"end":{"line":9,"column":32}},"loc":{"start":{"line":9,"column":41},"end":{"line":11,"column":1}},"line":9}},"branchMap":{"0":{"loc":{"start":{"line":6,"column":35},"end":{"line":6,"column":74}},"type":"default-arg","locations":[{"start":{"line":6,"column":44},"end":{"line":6,"column":74}}],"line":6}},"s":{"0":2,"1":2,"2":2,"3":3},"f":{"0":2,"1":3},"b":{"0":[1]},"inputSourceMap":{"version":3,"file":"index.js","sourceRoot":"","sources":["index.tsx"],"names":[],"mappings":"AAAA,OAAO,KAAwC,MAAM,OAAO,CAAA;AAC5D,OAAO,EAAE,YAAY,EAAE,MAAM,YAAY,CAAA;AACzC,OAAO,EAAE,OAAO,EAAmB,MAAM,aAAa,CAAA;AAEtD,OAAO,MAAM,MAAM,QAAQ,CAAA;AAC3B,OAAO,EAAE,YAAY,EAAE,MAAM,gBAAgB,CAAA;AAK7C,MAAM,CAAC,MAAM,gBAAgB,GAAsC,CAAC,EAChE,MAAM,GAAG,MAAM,CAAC,QAAQ,CAAC,cAAc,EACvC,QAAQ,EACR,QAAQ,GACX;IACG,MAAM,CAAC,CACH,oBAAC,YAAY,IAAC,MAAM,EAAE,MAAM,EAAE,QAAQ,EAAE,QAAQ,CAAC,MAAM,CAAC,IACnD,QAAQ,CACE,CAClB,CAAA;AACL,CAAC,CAAA;AAED,MAAM,CAAC,MAAM,eAAe,GAGxB,KAAK,IAAI,CAAC;IACV,MAAM,EAAE,YAAY,CAAC,KAAK,CAAC;CAC9B,CAAC,CAAA;AAEF,eAAe,OAAO,CAAqC,eAAe,CAAC,CACvE,gBAAgB,CACnB,CAAA","sourcesContent":["import React, { Component, StatelessComponent } from 'react'\nimport { IntlProvider } from 'react-intl'\nimport { connect, MapStateToProps } from 'react-redux'\n\nimport config from 'config'\nimport { selectLocale } from 'store/language'\nimport { AppState } from 'store/types'\n\nimport { ConnectedProps, LanguageProps } from './types'\n\nexport const LanguageProvider: StatelessComponent<LanguageProps> = ({\n    locale = config.LANGUAGE.DEFAULT_LOCALE,\n    children,\n    messages,\n}) => {\n    return (\n        <IntlProvider locale={locale} messages={messages[locale]}>\n            {children}\n        </IntlProvider>\n    )\n}\n\nexport const mapStateToProps: MapStateToProps<\n    ConnectedProps,\n    LanguageProps\n> = state => ({\n    locale: selectLocale(state),\n})\n\nexport default connect<ConnectedProps, any, LanguageProps>(mapStateToProps)(\n    LanguageProvider\n)\n"]},"_coverageSchema":"332fd63041d2c1bcb487cc26dd0d5f7d97098a6c","hash":"7fc062ef194a8f3e649aacaf32281ebca9f553ea"}
,"/home/charl/Workspace/reactNativeTsBoilerplate/src/containers/Root/index.tsx": {"path":"/home/charl/Workspace/reactNativeTsBoilerplate/src/containers/Root/index.tsx","statementMap":{"0":{"start":{"line":13,"column":8},"end":{"line":15,"column":9}},"1":{"start":{"line":14,"column":12},"end":{"line":14,"column":35}},"2":{"start":{"line":18,"column":8},"end":{"line":23,"column":24}},"3":{"start":{"line":26,"column":0},"end":{"line":28,"column":2}},"4":{"start":{"line":29,"column":31},"end":{"line":31,"column":2}},"5":{"start":{"line":29,"column":43},"end":{"line":31,"column":1}},"6":{"start":{"line":32,"column":27},"end":{"line":36,"column":1}},"7":{"start":{"line":33,"column":4},"end":{"line":35,"column":17}}},"fnMap":{"0":{"name":"(anonymous_0)","decl":{"start":{"line":12,"column":4},"end":{"line":12,"column":5}},"loc":{"start":{"line":12,"column":25},"end":{"line":16,"column":5}},"line":12},"1":{"name":"(anonymous_1)","decl":{"start":{"line":17,"column":4},"end":{"line":17,"column":5}},"loc":{"start":{"line":17,"column":13},"end":{"line":24,"column":5}},"line":17},"2":{"name":"(anonymous_2)","decl":{"start":{"line":29,"column":31},"end":{"line":29,"column":32}},"loc":{"start":{"line":29,"column":43},"end":{"line":31,"column":1}},"line":29},"3":{"name":"(anonymous_3)","decl":{"start":{"line":32,"column":27},"end":{"line":32,"column":28}},"loc":{"start":{"line":32,"column":41},"end":{"line":36,"column":1}},"line":32}},"branchMap":{"0":{"loc":{"start":{"line":13,"column":8},"end":{"line":15,"column":9}},"type":"if","locations":[{"start":{"line":13,"column":8},"end":{"line":15,"column":9}},{"start":{"line":13,"column":8},"end":{"line":15,"column":9}}],"line":13}},"s":{"0":2,"1":2,"2":2,"3":2,"4":2,"5":3,"6":2,"7":1},"f":{"0":2,"1":2,"2":3,"3":1},"b":{"0":[2,0]},"inputSourceMap":{"version":3,"file":"index.js","sourceRoot":"","sources":["index.tsx"],"names":[],"mappings":"AAAA,OAAO,KAAK,EAAE,EAAE,aAAa,EAAE,MAAM,OAAO,CAAA;AAC5C,OAAO,EAAE,SAAS,EAAoB,IAAI,EAAE,MAAM,cAAc,CAAA;AAChE,OAAO,EAAE,OAAO,EAAuC,MAAM,aAAa,CAAA;AAC1E,OAAO,EAAE,kBAAkB,EAAY,MAAM,OAAO,CAAA;AACpD,OAAO,EAAE,oBAAoB,EAAE,MAAM,kBAAkB,CAAA;AACvD,OAAO,SAAS,MAAM,YAAY,CAAA;AAGlC,OAAO,EAAE,SAAS,EAAE,MAAM,gBAAgB,CAAA;AAC1C,OAAO,EAAE,gBAAgB,EAAE,MAAM,kBAAkB,CAAA;AACnD,OAAO,SAAS,MAAM,OAAO,CAAA;AAQ7B,OAAO,MAAM,MAAM,UAAU,CAAA;AAE7B,MAAM,WAAY,SAAQ,aAAmC;IAKzD,kBAAkB;QACd,EAAE,CAAC,CAAC,IAAI,CAAC,KAAK,CAAC,SAAS,CAAC,CAAC,CAAC;YACvB,IAAI,CAAC,KAAK,CAAC,SAAS,EAAE,CAAA;QAC1B,CAAC;IACL,CAAC;IAED,MAAM;QACF,MAAM,CAAC,CACH,oBAAC,IAAI,IAAC,KAAK,EAAE,MAAM,CAAC,IAAI;YACpB,oBAAC,SAAS,IAAC,MAAM,EAAE,IAAI,GAAI;YAC3B,oBAAC,SAAS,IACN,UAAU,EAAE,oBAAoB,CAAC;oBAC7B,QAAQ,EAAE,IAAI,CAAC,OAAO,CAAC,KAAK,CAAC,QAAQ;oBACrC,KAAK,EAAE,IAAI,CAAC,KAAK,CAAC,GAAG;iBACxB,CAAC,GACJ,CACC,CACV,CAAA;IACL,CAAC;;AAtBM,iBAAY,GAAG;IAClB,KAAK,EAAE,SAAS,CAAC,GAAG;CACvB,CAAA;AAuBL,MAAM,CAAC,MAAM,eAAe,GAGxB,CAAC,KAAe,KAAK,CAAC;IACtB,GAAG,EAAE,gBAAgB,CAAC,KAAK,CAAC;CAC/B,CAAC,CAAA;AACF,MAAM,kBAAkB,GAAsD,CAC1E,QAA+B;IAE/B,MAAM,CAAC,kBAAkB,CACrB;QACI,SAAS;KACZ,EACD,QAAQ,CACX,CAAA;AACL,CAAC,CAAA;AAED,eAAe,OAAO,CAClB,eAAe,EACf,kBAAkB,CACrB,CAAC,IAAI,CAAC,CAAA","sourcesContent":["import React, { PureComponent } from 'react'\nimport { StatusBar, ScrollView, Text, View } from 'react-native'\nimport { connect, MapDispatchToProps, MapStateToProps } from 'react-redux'\nimport { bindActionCreators, Dispatch } from 'redux'\nimport { addNavigationHelpers } from 'react-navigation'\nimport PropTypes from 'prop-types'\n\nimport { AppState, ReduxAction } from 'store/types'\nimport { getLocale } from 'store/language'\nimport { selectNavigation } from 'store/navigation'\nimport Navigator from 'pages'\n\nimport {\n    RootActionCreators,\n    RootConnectedProps,\n    RootProps,\n    RootState,\n} from './types'\nimport styles from './styles'\n\nexport class Root extends PureComponent<RootProps, RootState> {\n    static contextTypes = {\n        store: PropTypes.any,\n    }\n\n    componentWillMount() {\n        if (this.props.getLocale) {\n            this.props.getLocale()\n        }\n    }\n\n    render() {\n        return (\n            <View style={styles.root}>\n                <StatusBar hidden={true} />\n                <Navigator\n                    navigation={addNavigationHelpers({\n                        dispatch: this.context.store.dispatch,\n                        state: this.props.nav,\n                    })}\n                />\n            </View>\n        )\n    }\n}\n\nexport const mapStateToProps: MapStateToProps<\n    RootConnectedProps,\n    RootProps | null\n> = (state: AppState) => ({\n    nav: selectNavigation(state),\n})\nconst mapDispatchToProps: MapDispatchToProps<RootActionCreators, RootProps> = (\n    dispatch: Dispatch<ReduxAction>\n) => {\n    return bindActionCreators(\n        {\n            getLocale,\n        },\n        dispatch\n    )\n}\n\nexport default connect<RootConnectedProps, RootActionCreators, RootProps>(\n    mapStateToProps,\n    mapDispatchToProps\n)(Root)\n"]},"_coverageSchema":"332fd63041d2c1bcb487cc26dd0d5f7d97098a6c","hash":"5eef98b3162b4d9902fad5e9b1bc0d57fb4ac17c"}
,"/home/charl/Workspace/reactNativeTsBoilerplate/src/containers/Root/styles.ts": {"path":"/home/charl/Workspace/reactNativeTsBoilerplate/src/containers/Root/styles.ts","statementMap":{},"fnMap":{},"branchMap":{},"s":{},"f":{},"b":{},"inputSourceMap":{"version":3,"file":"styles.js","sourceRoot":"","sources":["styles.ts"],"names":[],"mappings":"AAAA,eAAe;IACX,IAAI,EAAE;QACF,IAAI,EAAE,CAAC;KACV;CACJ,CAAA","sourcesContent":["export default {\n    root: {\n        flex: 1,\n    },\n}\n"]},"_coverageSchema":"332fd63041d2c1bcb487cc26dd0d5f7d97098a6c","hash":"5bc59e24752e3285ff08f8a96db2ecdf042fe537"}
,"/home/charl/Workspace/reactNativeTsBoilerplate/src/pages/index.ts": {"path":"/home/charl/Workspace/reactNativeTsBoilerplate/src/pages/index.ts","statementMap":{},"fnMap":{},"branchMap":{},"s":{},"f":{},"b":{},"inputSourceMap":{"version":3,"file":"index.js","sourceRoot":"","sources":["index.ts"],"names":[],"mappings":"AAAA,OAAO,EAAE,cAAc,EAAE,MAAM,kBAAkB,CAAA;AAEjD,OAAO,IAAI,MAAM,YAAY,CAAA;AAC7B,oBAAoB;AAEpB,eAAe,cAAc,CACzB;IACI,IAAI,EAAE;QACF,MAAM,EAAE,IAAI;KACf;CAEJ,EACD;IACI,gBAAgB,EAAE,MAAM;CAC3B,CACJ,CAAA","sourcesContent":["import { StackNavigator } from 'react-navigation'\n\nimport Home from 'pages/Home'\n// Import pages here\n\nexport default StackNavigator(\n    {\n        Home: {\n            screen: Home,\n        },\n        // Insert pages here\n    },\n    {\n        initialRouteName: 'Home',\n    }\n)\n"]},"_coverageSchema":"332fd63041d2c1bcb487cc26dd0d5f7d97098a6c","hash":"32177d4c7795fc1e25f51ce594db1b3b0068e9d0"}
,"/home/charl/Workspace/reactNativeTsBoilerplate/src/pages/Home/index.tsx": {"path":"/home/charl/Workspace/reactNativeTsBoilerplate/src/pages/Home/index.tsx","statementMap":{"0":{"start":{"line":9,"column":8},"end":{"line":10,"column":87}},"1":{"start":{"line":13,"column":0},"end":{"line":15,"column":2}},"2":{"start":{"line":16,"column":35},"end":{"line":16,"column":37}},"3":{"start":{"line":16,"column":54},"end":{"line":16,"column":86}}},"fnMap":{"0":{"name":"(anonymous_0)","decl":{"start":{"line":8,"column":4},"end":{"line":8,"column":5}},"loc":{"start":{"line":8,"column":13},"end":{"line":11,"column":5}},"line":8},"1":{"name":"(anonymous_1)","decl":{"start":{"line":16,"column":23},"end":{"line":16,"column":24}},"loc":{"start":{"line":16,"column":35},"end":{"line":16,"column":37}},"line":16},"2":{"name":"(anonymous_2)","decl":{"start":{"line":16,"column":40},"end":{"line":16,"column":41}},"loc":{"start":{"line":16,"column":54},"end":{"line":16,"column":86}},"line":16}},"branchMap":{},"s":{"0":3,"1":10,"2":3,"3":3},"f":{"0":3,"1":3,"2":3},"b":{},"inputSourceMap":{"version":3,"file":"index.js","sourceRoot":"","sources":["index.tsx"],"names":[],"mappings":"AAAA,OAAO,KAAK,EAAE,EAAE,SAAS,EAAE,MAAM,OAAO,CAAA;AACxC,OAAO,EAAE,UAAU,EAAQ,MAAM,cAAc,CAAA;AAC/C,OAAO,EAAE,OAAO,EAAE,MAAM,aAAa,CAAA;AACrC,OAAO,EAAE,kBAAkB,EAAY,MAAM,OAAO,CAAA;AAEpD,OAAO,EAAE,gBAAgB,EAAE,MAAM,iBAAiB,CAAA;AAIlD,OAAO,QAAQ,MAAM,YAAY,CAAA;AAEjC,MAAM,WAAY,SAAQ,SAA+B;IAKrD,MAAM;QACF,MAAM,CAAC,CACH,oBAAC,UAAU;YACP,oBAAC,gBAAgB,oBAAK,QAAQ,CAAC,KAAK,EAAI,CAC/B,CAChB,CAAA;IACL,CAAC;;AAVM,sBAAiB,GAAG;IACvB,KAAK,EAAE,MAAM;CAChB,CAAA;AAWL,eAAe,OAAO,CAClB,CAAC,KAAe,KAAK,CAAC,EAAE,CAAC,EACzB,CAAC,QAA+B,KAAK,kBAAkB,CAAC,EAAE,EAAE,QAAQ,CAAC,CACxE,CAAC,IAAI,CAAC,CAAA","sourcesContent":["import React, { Component } from 'react'\nimport { ScrollView, Text } from 'react-native'\nimport { connect } from 'react-redux'\nimport { bindActionCreators, Dispatch } from 'redux'\n\nimport { FormattedMessage } from 'components/intl'\nimport { AppState, ReduxAction } from 'store/types'\n\nimport { HomeProps, HomeState } from './types'\nimport messages from './messages'\n\nexport class Home extends Component<HomeProps, HomeState> {\n    static navigationOptions = {\n        title: 'Home',\n    }\n\n    render() {\n        return (\n            <ScrollView>\n                <FormattedMessage {...messages.title} />\n            </ScrollView>\n        )\n    }\n}\n\nexport default connect<any, any, HomeProps>(\n    (state: AppState) => ({}),\n    (dispatch: Dispatch<ReduxAction>) => bindActionCreators({}, dispatch)\n)(Home)\n"]},"_coverageSchema":"332fd63041d2c1bcb487cc26dd0d5f7d97098a6c","hash":"c170e4918f16834b51e5ae8e23ae94f863fd131a"}
,"/home/charl/Workspace/reactNativeTsBoilerplate/src/pages/Home/messages.ts": {"path":"/home/charl/Workspace/reactNativeTsBoilerplate/src/pages/Home/messages.ts","statementMap":{},"fnMap":{},"branchMap":{},"s":{},"f":{},"b":{},"inputSourceMap":{"version":3,"file":"messages.js","sourceRoot":"","sources":["messages.ts"],"names":[],"mappings":"AAAA,OAAO,EAAE,cAAc,EAAE,MAAM,YAAY,CAAA;AAE3C,eAAe,cAAc,CAAC;IAC1B,KAAK,EAAE;QACH,EAAE,EAAE,WAAW;KAClB;CACJ,CAAC,CAAA","sourcesContent":["import { defineMessages } from 'react-intl'\n\nexport default defineMessages({\n    title: {\n        id: 'app.title',\n    },\n})\n"]},"_coverageSchema":"332fd63041d2c1bcb487cc26dd0d5f7d97098a6c","hash":"2aec4d70d62bcd0f2e0a3be5d15037c6642c9ddf"}
,"/home/charl/Workspace/reactNativeTsBoilerplate/src/store/epicMiddleware.ts": {"path":"/home/charl/Workspace/reactNativeTsBoilerplate/src/store/epicMiddleware.ts","statementMap":{"0":{"start":{"line":6,"column":14},"end":{"line":8,"column":1}},"1":{"start":{"line":9,"column":28},"end":{"line":11,"column":1}},"2":{"start":{"line":12,"column":24},"end":{"line":12,"column":46}},"3":{"start":{"line":13,"column":23},"end":{"line":15,"column":2}}},"fnMap":{},"branchMap":{},"s":{"0":4,"1":4,"2":4,"3":4},"f":{},"b":{},"inputSourceMap":{"version":3,"file":"epicMiddleware.js","sourceRoot":"","sources":["epicMiddleware.ts"],"names":[],"mappings":"AAAA,OAAO,SAAS,CAAA;AAChB,OAAO,EAAE,YAAY,EAAQ,oBAAoB,EAAE,MAAM,kBAAkB,CAAA;AAG3E,OAAO,YAAY,MAAM,qBAAqB,CAAA;AAC9C,mBAAmB;AAEnB,OAAO,WAAW,MAAM,oBAAoB,CAAA;AAE5C,MAAM,KAAK,GAAG;IACV,YAAY;CAEf,CAAA;AAED,MAAM,CAAC,MAAM,YAAY,GAAqB;IAC1C,WAAW;CACd,CAAA;AAED,MAAM,CAAC,MAAM,QAAQ,GAAG,YAAY,CAChC,GAAG,KAAK,CACX,CAAA;AAED,MAAM,cAAc,GAAG,oBAAoB,CAIzC,QAAQ,EAAE;IACR,YAAY;CACf,CAAC,CAAA;AAEF,eAAe,cAAc,CAAA","sourcesContent":["import 'rxjs/Rx'\nimport { combineEpics, Epic, createEpicMiddleware } from 'redux-observable'\n\nimport { AppState, ReduxAction, EpicDependancies } from './types'\nimport languageEpic from 'store/language/epic'\n// Import epic here\n\nimport languageApi from 'store/language/api'\n\nconst epics = [\n    languageEpic,\n    // Insert epic here\n]\n\nexport const dependencies: EpicDependancies = {\n    languageApi,\n}\n\nexport const rootEpic = combineEpics<ReduxAction, AppState, EpicDependancies>(\n    ...epics\n)\n\nconst epicMiddleware = createEpicMiddleware<\n    ReduxAction,\n    AppState,\n    EpicDependancies\n>(rootEpic, {\n    dependencies,\n})\n\nexport default epicMiddleware\n"]},"_coverageSchema":"332fd63041d2c1bcb487cc26dd0d5f7d97098a6c","hash":"d25b75d21aa77c08e2b7ff3cd11a02748bb66192"}
,"/home/charl/Workspace/reactNativeTsBoilerplate/src/store/index.ts": {"path":"/home/charl/Workspace/reactNativeTsBoilerplate/src/store/index.ts","statementMap":{"0":{"start":{"line":8,"column":15},"end":{"line":8,"column":45}},"1":{"start":{"line":9,"column":26},"end":{"line":9,"column":68}},"2":{"start":{"line":10,"column":20},"end":{"line":13,"column":1}},"3":{"start":{"line":14,"column":23},"end":{"line":16,"column":1}},"4":{"start":{"line":15,"column":4},"end":{"line":15,"column":64}},"5":{"start":{"line":17,"column":24},"end":{"line":19,"column":1}},"6":{"start":{"line":18,"column":4},"end":{"line":18,"column":43}},"7":{"start":{"line":20,"column":14},"end":{"line":20,"column":116}},"8":{"start":{"line":21,"column":0},"end":{"line":21,"column":36}}},"fnMap":{"0":{"name":"(anonymous_0)","decl":{"start":{"line":14,"column":23},"end":{"line":14,"column":24}},"loc":{"start":{"line":14,"column":29},"end":{"line":16,"column":1}},"line":14},"1":{"name":"(anonymous_1)","decl":{"start":{"line":17,"column":24},"end":{"line":17,"column":25}},"loc":{"start":{"line":17,"column":30},"end":{"line":19,"column":1}},"line":17}},"branchMap":{"0":{"loc":{"start":{"line":20,"column":56},"end":{"line":20,"column":115}},"type":"cond-expr","locations":[{"start":{"line":20,"column":79},"end":{"line":20,"column":95}},{"start":{"line":20,"column":98},"end":{"line":20,"column":115}}],"line":20}},"s":{"0":2,"1":2,"2":2,"3":2,"4":2,"5":2,"6":0,"7":2,"8":2},"f":{"0":2,"1":0},"b":{"0":[2,0]},"inputSourceMap":{"version":3,"file":"index.js","sourceRoot":"","sources":["index.ts"],"names":[],"mappings":"AACA,OAAO,EAAE,eAAe,EAAE,WAAW,EAAwB,MAAM,OAAO,CAAA;AAE1E,OAAO,KAAK,OAAO,MAAM,eAAe,CAAA;AACxC,OAAO,YAAY,MAAM,8CAA8C,CAAA;AACvE,OAAO,EAAE,mBAAmB,EAAE,MAAM,uBAAuB,CAAA;AAE3D,OAAO,cAAc,MAAM,kBAAkB,CAAA;AAC7C,OAAO,WAAW,MAAM,eAAe,CAAA;AAEvC,OAAO,MAAM,MAAM,QAAQ,CAAA;AAG3B,MAAM,MAAM,GAAG,YAAY,CAAC,MAAM,CAAC,SAAS,CAAC,CAAA;AAE7C,MAAM,iBAAiB,GAAG,CAAC,qBAAqB,EAAE,iBAAiB,CAAC,CAAA;AAEpE,MAAM,WAAW,GAAG;IAChB,cAAc;IACd,OAAO,CAAC,gBAAgB,CAAC,MAAM,EAAE,iBAAiB,CAAC;CACtD,CAAA;AAED,MAAM,cAAc,GAAG;IACnB,MAAM,CAAC,mBAAmB,CAAC,eAAe,CAAC,GAAG,WAAW,CAAC,CAAC,CAAA;AAC/D,CAAC,CAAA;AAED,MAAM,eAAe,GAAG;IACpB,MAAM,CAAC,eAAe,CAAC,GAAG,WAAW,CAAC,CAAA;AAC1C,CAAC,CAAA;AAED,MAAM,KAAK,GAAG,WAAW,CACrB,OAAO,CAAC,OAAO,CAAC,WAAW,CAAC,EAC5B,MAAM,CAAC,GAAG,KAAK,KAAK,GAAG,cAAc,EAAE,GAAG,eAAe,EAAE,CAC9D,CAAA;AAED,OAAO,CAAC,YAAY,CAAC,MAAM,CAAC,CAAC,KAAK,CAAC,CAAA;AAEnC,eAAe,KAAK,CAAA","sourcesContent":["import { Platform } from 'react-native'\nimport { applyMiddleware, createStore, Store, StoreEnhancer } from 'redux'\nimport immutableStateMiddleware from 'redux-immutable-state-invariant'\nimport * as storage from 'redux-storage'\nimport createEngine from 'redux-storage-engine-reactnativeasyncstorage'\nimport { composeWithDevTools } from 'remote-redux-devtools'\n\nimport epicMiddleware from './epicMiddleware'\nimport rootReducer from './rootReducer'\n\nimport config from 'config'\nimport { AppState } from './types'\n\nconst engine = createEngine(config.STORE_KEY)\n\nconst blackListedAction = ['Navigation/NAVIGATE', 'Navigation/BACK']\n\nconst middlewares = [\n    epicMiddleware,\n    storage.createMiddleware(engine, blackListedAction),\n]\n\nconst getDevEnhancer = () => {\n    return composeWithDevTools(applyMiddleware(...middlewares))\n}\n\nconst getProdEnhancer = (): StoreEnhancer<AppState> => {\n    return applyMiddleware(...middlewares)\n}\n\nconst store = createStore<AppState>(\n    storage.reducer(rootReducer),\n    config.ENV === 'dev' ? getDevEnhancer() : getProdEnhancer()\n)\n\nstorage.createLoader(engine)(store)\n\nexport default store\n"]},"_coverageSchema":"332fd63041d2c1bcb487cc26dd0d5f7d97098a6c","hash":"af1fa5b758a795fe864a363f8dad021889907a4d"}
,"/home/charl/Workspace/reactNativeTsBoilerplate/src/store/rootReducer.ts": {"path":"/home/charl/Workspace/reactNativeTsBoilerplate/src/store/rootReducer.ts","statementMap":{"0":{"start":{"line":5,"column":20},"end":{"line":8,"column":2}}},"fnMap":{},"branchMap":{},"s":{"0":3},"f":{},"b":{},"inputSourceMap":{"version":3,"file":"rootReducer.js","sourceRoot":"","sources":["rootReducer.ts"],"names":[],"mappings":"AAAA,OAAO,EAAE,eAAe,EAAE,MAAM,OAAO,CAAA;AAGvC,OAAO,QAAQ,MAAM,wBAAwB,CAAA;AAC7C,OAAO,UAAU,MAAM,sBAAsB,CAAA;AAC7C,sBAAsB;AAEtB,MAAM,WAAW,GAAG,eAAe,CAAW;IAC1C,QAAQ;IACR,UAAU;CAEb,CAAC,CAAA;AAEF,eAAe,WAAW,CAAA","sourcesContent":["import { combineReducers } from 'redux'\n\nimport { AppState } from './types'\nimport language from 'store/language/reducer'\nimport navigation from './navigation/reducer'\n// Import reducer here\n\nconst rootReducer = combineReducers<AppState>({\n    language,\n    navigation,\n    // Insert reducer here\n})\n\nexport default rootReducer\n"]},"_coverageSchema":"332fd63041d2c1bcb487cc26dd0d5f7d97098a6c","hash":"6cacac11fd44b09f627b41ea2a49e72d5b45d56b"}
,"/home/charl/Workspace/reactNativeTsBoilerplate/src/store/_helpers_/initialState.ts": {"path":"/home/charl/Workspace/reactNativeTsBoilerplate/src/store/_helpers_/initialState.ts","statementMap":{"0":{"start":{"line":4,"column":21},"end":{"line":7,"column":1}}},"fnMap":{},"branchMap":{},"s":{"0":7},"f":{},"b":{},"inputSourceMap":{"version":3,"file":"initialState.js","sourceRoot":"","sources":["initialState.ts"],"names":[],"mappings":"AACA,OAAO,EAAE,YAAY,IAAI,aAAa,EAAE,MAAM,qBAAqB,CAAA;AACnE,OAAO,EAAE,YAAY,IAAI,eAAe,EAAE,MAAM,uBAAuB,CAAA;AACvE,oBAAoB;AAEpB,MAAM,YAAY,GAAa;IAC3B,QAAQ,EAAE,aAAa;IACvB,UAAU,EAAE,eAAe;CAE9B,CAAA;AAED,eAAe,YAAY,CAAA","sourcesContent":["import { AppState } from '../types'\nimport { initialState as languageState } from '../language/reducer'\nimport { initialState as navigationState } from '../navigation/reducer'\n// Import state here\n\nconst initialState: AppState = {\n    language: languageState,\n    navigation: navigationState,\n    // Insert state here\n}\n\nexport default initialState\n"]},"_coverageSchema":"332fd63041d2c1bcb487cc26dd0d5f7d97098a6c","hash":"fc13fb7d075d77b12fca87ab3855f32f605e9fa1"}
,"/home/charl/Workspace/reactNativeTsBoilerplate/src/store/language/actions.ts": {"path":"/home/charl/Workspace/reactNativeTsBoilerplate/src/store/language/actions.ts","statementMap":{"0":{"start":{"line":1,"column":34},"end":{"line":1,"column":54}},"1":{"start":{"line":2,"column":34},"end":{"line":2,"column":54}},"2":{"start":{"line":3,"column":33},"end":{"line":3,"column":52}},"3":{"start":{"line":4,"column":25},"end":{"line":6,"column":2}},"4":{"start":{"line":4,"column":32},"end":{"line":6,"column":1}},"5":{"start":{"line":7,"column":32},"end":{"line":10,"column":2}},"6":{"start":{"line":7,"column":44},"end":{"line":10,"column":1}},"7":{"start":{"line":11,"column":31},"end":{"line":14,"column":2}},"8":{"start":{"line":11,"column":41},"end":{"line":14,"column":1}}},"fnMap":{"0":{"name":"(anonymous_0)","decl":{"start":{"line":4,"column":25},"end":{"line":4,"column":26}},"loc":{"start":{"line":4,"column":32},"end":{"line":6,"column":1}},"line":4},"1":{"name":"(anonymous_1)","decl":{"start":{"line":7,"column":32},"end":{"line":7,"column":33}},"loc":{"start":{"line":7,"column":44},"end":{"line":10,"column":1}},"line":7},"2":{"name":"(anonymous_2)","decl":{"start":{"line":11,"column":31},"end":{"line":11,"column":32}},"loc":{"start":{"line":11,"column":41},"end":{"line":14,"column":1}},"line":11}},"branchMap":{},"s":{"0":12,"1":12,"2":12,"3":12,"4":6,"5":12,"6":8,"7":12,"8":2},"f":{"0":6,"1":8,"2":2},"b":{},"inputSourceMap":{"version":3,"file":"actions.js","sourceRoot":"","sources":["actions.ts"],"names":[],"mappings":"AAGA,MAAM,CAAC,MAAM,kBAAkB,GAAG,oBAAoB,CAAA;AACtD,MAAM,CAAC,MAAM,kBAAkB,GAAG,oBAAoB,CAAA;AACtD,MAAM,CAAC,MAAM,iBAAiB,GAAG,mBAAmB,CAAA;AAEpD,MAAM,CAAC,MAAM,SAAS,GAA+B,MAAM,CAAC;IACxD,IAAI,EAAE,kBAAkB;CAC3B,CAAC,CAAA;AAEF,MAAM,CAAC,MAAM,gBAAgB,GAA+B,OAAO,IAAI,CAAC;IACpE,IAAI,EAAE,kBAAkB;IACxB,OAAO;CACV,CAAC,CAAA;AAEF,MAAM,CAAC,MAAM,eAAe,GAAoC,KAAK,IAAI,CAAC;IACtE,IAAI,EAAE,iBAAiB;IACvB,KAAK;CACR,CAAC,CAAA","sourcesContent":["import { ActionCreator } from 'redux'\nimport { ErrorReduxAction, ReduxAction } from '../types'\n\nexport const GET_LOCALE_PENDING = 'GET_LOCALE_PENDING'\nexport const GET_LOCALE_SUCCESS = 'GET_LOCALE_SUCCESS'\nexport const GET_LOCALE_FAILED = 'GET_LOCALE_FAILED'\n\nexport const getLocale: ActionCreator<ReduxAction> = () => ({\n    type: GET_LOCALE_PENDING,\n})\n\nexport const getLocaleSuccess: ActionCreator<ReduxAction> = payload => ({\n    type: GET_LOCALE_SUCCESS,\n    payload,\n})\n\nexport const getLocaleFailed: ActionCreator<ErrorReduxAction> = error => ({\n    type: GET_LOCALE_FAILED,\n    error,\n})\n"]},"_coverageSchema":"332fd63041d2c1bcb487cc26dd0d5f7d97098a6c","hash":"34fe7279af6d727349308e0bb6660d81249c8fea"}
,"/home/charl/Workspace/reactNativeTsBoilerplate/src/store/language/api.ts": {"path":"/home/charl/Workspace/reactNativeTsBoilerplate/src/store/language/api.ts","statementMap":{"0":{"start":{"line":5,"column":8},"end":{"line":5,"column":36}},"1":{"start":{"line":8,"column":8},"end":{"line":8,"column":91}}},"fnMap":{"0":{"name":"(anonymous_0)","decl":{"start":{"line":4,"column":4},"end":{"line":4,"column":5}},"loc":{"start":{"line":4,"column":25},"end":{"line":6,"column":5}},"line":4},"1":{"name":"(anonymous_1)","decl":{"start":{"line":7,"column":4},"end":{"line":7,"column":5}},"loc":{"start":{"line":7,"column":18},"end":{"line":9,"column":5}},"line":7}},"branchMap":{},"s":{"0":1,"1":2},"f":{"0":1,"1":2},"b":{},"inputSourceMap":{"version":3,"file":"api.js","sourceRoot":"","sources":["api.ts"],"names":[],"mappings":"AAAA,OAAO,EAAE,UAAU,EAAE,MAAM,MAAM,CAAA;AACjC,OAAO,EAAE,IAAI,EAAE,MAAM,MAAM,CAAA;AAE3B,MAAM;IACF,YAAY,CAAC,MAAc;QACvB,MAAM,CAAC,MAAM,CAAC,KAAK,CAAC,GAAG,CAAC,CAAC,CAAC,CAAC,CAAA;IAC/B,CAAC;IAED,WAAW;QACP,MAAM,CAAC,UAAU,CAAC,WAAW,CAAC,IAAI,CAAC,qBAAqB,EAAE,CAAC,CAAC,GAAG,CAC3D,IAAI,CAAC,YAAY,CACpB,CAAA;IACL,CAAC;CACJ;AAED,eAAe,IAAI,WAAW,EAAE,CAAA","sourcesContent":["import { Observable } from 'rxjs'\nimport { Util } from 'expo'\n\nexport class LanguageApi {\n    formatLocale(locale: string): string {\n        return locale.split('_')[1]\n    }\n\n    getLanguage() {\n        return Observable.fromPromise(Util.getCurrentLocaleAsync()).map(\n            this.formatLocale\n        )\n    }\n}\n\nexport default new LanguageApi()\n"]},"_coverageSchema":"332fd63041d2c1bcb487cc26dd0d5f7d97098a6c","hash":"b7d8a6324edace77f12cecb6b9d2b659c8e286b2"}
,"/home/charl/Workspace/reactNativeTsBoilerplate/src/store/language/epic.ts": {"path":"/home/charl/Workspace/reactNativeTsBoilerplate/src/store/language/epic.ts","statementMap":{"0":{"start":{"line":4,"column":22},"end":{"line":16,"column":1}},"1":{"start":{"line":5,"column":4},"end":{"line":15,"column":7}},"2":{"start":{"line":6,"column":8},"end":{"line":14,"column":81}},"3":{"start":{"line":9,"column":36},"end":{"line":11,"column":48}},"4":{"start":{"line":12,"column":12},"end":{"line":12,"column":69}},"5":{"start":{"line":14,"column":28},"end":{"line":14,"column":79}}},"fnMap":{"0":{"name":"(anonymous_0)","decl":{"start":{"line":4,"column":22},"end":{"line":4,"column":23}},"loc":{"start":{"line":4,"column":59},"end":{"line":16,"column":1}},"line":4},"1":{"name":"(anonymous_1)","decl":{"start":{"line":5,"column":71},"end":{"line":5,"column":72}},"loc":{"start":{"line":5,"column":77},"end":{"line":15,"column":5}},"line":5},"2":{"name":"(anonymous_2)","decl":{"start":{"line":8,"column":17},"end":{"line":8,"column":18}},"loc":{"start":{"line":8,"column":29},"end":{"line":13,"column":9}},"line":8},"3":{"name":"(anonymous_3)","decl":{"start":{"line":14,"column":19},"end":{"line":14,"column":20}},"loc":{"start":{"line":14,"column":28},"end":{"line":14,"column":79}},"line":14}},"branchMap":{"0":{"loc":{"start":{"line":9,"column":36},"end":{"line":11,"column":48}},"type":"cond-expr","locations":[{"start":{"line":10,"column":18},"end":{"line":10,"column":24}},{"start":{"line":11,"column":18},"end":{"line":11,"column":48}}],"line":9}},"s":{"0":6,"1":13,"2":6,"3":5,"4":5,"5":1},"f":{"0":13,"1":6,"2":5,"3":1},"b":{"0":[5,0]},"inputSourceMap":{"version":3,"file":"epic.js","sourceRoot":"","sources":["epic.ts"],"names":[],"mappings":"AAEA,OAAO,EAAE,UAAU,EAAE,MAAM,MAAM,CAAA;AAEjC,OAAO,MAAM,MAAM,QAAQ,CAAA;AAE3B,OAAO,KAAK,eAAe,MAAM,WAAW,CAAA;AAE5C,MAAM,aAAa,GAAkD,CACjE,OAAO,EACP,KAAK,EACL,EAAE,WAAW,EAAE;IAEf,MAAM,CAAC,OAAO,CAAC,MAAM,CAAC,eAAe,CAAC,kBAAkB,CAAC,CAAC,QAAQ,CAAC;QAC/D,MAAM,CAAC,WAAW;aACb,WAAW,EAAE;aACb,GAAG,CAAC,CAAC,MAAc;YAChB,MAAM,eAAe,GAAG,MAAM,CAAC,QAAQ,CAAC,iBAAiB,CAAC,QAAQ,CAC9D,MAAM,CACT;kBACK,MAAM;kBACN,MAAM,CAAC,QAAQ,CAAC,cAAc,CAAA;YAEpC,MAAM,CAAC,eAAe,CAAC,gBAAgB,CAAC,eAAe,CAAC,CAAA;QAC5D,CAAC,CAAC;aACD,KAAK,CAAC,CAAC,GAAU,KACd,UAAU,CAAC,EAAE,CAAC,eAAe,CAAC,eAAe,CAAC,GAAG,CAAC,CAAC,CACtD,CAAA;IACT,CAAC,CAAC,CAAA;AACN,CAAC,CAAA;AAED,eAAe,aAAa,CAAA","sourcesContent":["import { Epic, ActionsObservable } from 'redux-observable'\n\nimport { Observable } from 'rxjs'\n\nimport config from 'config'\nimport { AppState, ReduxAction, EpicDependancies } from '../types'\nimport * as languageActions from './actions'\n\nconst getLocaleEpic: Epic<ReduxAction, AppState, EpicDependancies> = (\n    action$,\n    store,\n    { languageApi }\n) => {\n    return action$.ofType(languageActions.GET_LOCALE_PENDING).mergeMap(() => {\n        return languageApi\n            .getLanguage()\n            .map((locale: string) => {\n                const formattedLocale = config.LANGUAGE.SUPPORTED_LOCALES.includes(\n                    locale\n                )\n                    ? locale\n                    : config.LANGUAGE.DEFAULT_LOCALE\n\n                return languageActions.getLocaleSuccess(formattedLocale)\n            })\n            .catch((err: Error) =>\n                Observable.of(languageActions.getLocaleFailed(err))\n            )\n    })\n}\n\nexport default getLocaleEpic\n"]},"_coverageSchema":"332fd63041d2c1bcb487cc26dd0d5f7d97098a6c","hash":"f05c4d6a26c81d28008ba6718354255c34574576"}
,"/home/charl/Workspace/reactNativeTsBoilerplate/src/store/language/index.ts": {"path":"/home/charl/Workspace/reactNativeTsBoilerplate/src/store/language/index.ts","statementMap":{},"fnMap":{},"branchMap":{},"s":{},"f":{},"b":{},"inputSourceMap":{"version":3,"file":"index.js","sourceRoot":"","sources":["index.ts"],"names":[],"mappings":"AAAA,cAAc,WAAW,CAAA;AACzB,cAAc,WAAW,CAAA;AACzB,cAAc,aAAa,CAAA;AAC3B,cAAc,SAAS,CAAA;AACvB,cAAc,QAAQ,CAAA;AACtB,cAAc,OAAO,CAAA","sourcesContent":["export * from './actions'\nexport * from './reducer'\nexport * from './selectors'\nexport * from './types'\nexport * from './epic'\nexport * from './api'\n"]},"_coverageSchema":"332fd63041d2c1bcb487cc26dd0d5f7d97098a6c","hash":"5d09b897015f4e12770500de78e603e3b54911da"}
,"/home/charl/Workspace/reactNativeTsBoilerplate/src/store/language/reducer.ts": {"path":"/home/charl/Workspace/reactNativeTsBoilerplate/src/store/language/reducer.ts","statementMap":{"0":{"start":{"line":3,"column":28},"end":{"line":6,"column":1}},"1":{"start":{"line":7,"column":24},"end":{"line":16,"column":1}},"2":{"start":{"line":8,"column":4},"end":{"line":15,"column":5}},"3":{"start":{"line":10,"column":12},"end":{"line":10,"column":63}},"4":{"start":{"line":12,"column":12},"end":{"line":12,"column":88}},"5":{"start":{"line":14,"column":12},"end":{"line":14,"column":25}}},"fnMap":{"0":{"name":"(anonymous_0)","decl":{"start":{"line":7,"column":24},"end":{"line":7,"column":25}},"loc":{"start":{"line":7,"column":58},"end":{"line":16,"column":1}},"line":7}},"branchMap":{"0":{"loc":{"start":{"line":7,"column":25},"end":{"line":7,"column":45}},"type":"default-arg","locations":[{"start":{"line":7,"column":33},"end":{"line":7,"column":45}}],"line":7},"1":{"loc":{"start":{"line":8,"column":4},"end":{"line":15,"column":5}},"type":"switch","locations":[{"start":{"line":9,"column":8},"end":{"line":10,"column":63}},{"start":{"line":11,"column":8},"end":{"line":12,"column":88}},{"start":{"line":13,"column":8},"end":{"line":14,"column":25}}],"line":8}},"s":{"0":9,"1":9,"2":18,"3":2,"4":1,"5":15},"f":{"0":18},"b":{"0":[8],"1":[2,1,15]},"inputSourceMap":{"version":3,"file":"reducer.js","sourceRoot":"","sources":["reducer.ts"],"names":[],"mappings":"AAEA,OAAO,MAAM,MAAM,QAAQ,CAAA;AAE3B,OAAO,KAAK,eAAe,MAAM,WAAW,CAAA;AAG5C,MAAM,CAAC,MAAM,YAAY,GAAkB;IACvC,MAAM,EAAE,MAAM,CAAC,QAAQ,CAAC,cAAc;IACtC,OAAO,EAAE,KAAK;CACjB,CAAA;AAED,MAAM,eAAe,GAA2B,CAC5C,KAAK,GAAG,YAAY,EACpB,MAAmB;IAEnB,MAAM,CAAC,CAAC,MAAM,CAAC,IAAI,CAAC,CAAC,CAAC;QAClB,KAAK,eAAe,CAAC,kBAAkB;YACnC,MAAM,mBACC,KAAK,IACR,OAAO,EAAE,IAAI,IAChB;QACL,KAAK,eAAe,CAAC,kBAAkB;YACnC,MAAM,mBACC,KAAK,IACR,OAAO,EAAE,KAAK,EACd,MAAM,EAAE,MAAM,CAAC,OAAO,IACzB;QACL;YACI,MAAM,CAAC,KAAK,CAAA;IACpB,CAAC;AACL,CAAC,CAAA;AAED,eAAe,eAAe,CAAA","sourcesContent":["import { Reducer } from 'redux'\n\nimport config from 'config'\nimport { ReduxAction } from '../types'\nimport * as LanguageActions from './actions'\nimport { LanguageState } from './types'\n\nexport const initialState: LanguageState = {\n    locale: config.LANGUAGE.DEFAULT_LOCALE,\n    pending: false,\n}\n\nconst languageReducer: Reducer<LanguageState> = (\n    state = initialState,\n    action: ReduxAction\n) => {\n    switch (action.type) {\n        case LanguageActions.GET_LOCALE_PENDING:\n            return {\n                ...state,\n                pending: true,\n            }\n        case LanguageActions.GET_LOCALE_SUCCESS:\n            return {\n                ...state,\n                pending: false,\n                locale: action.payload,\n            }\n        default:\n            return state\n    }\n}\n\nexport default languageReducer\n"]},"_coverageSchema":"332fd63041d2c1bcb487cc26dd0d5f7d97098a6c","hash":"574751c744609249745d76f12801fa366552019d"}
,"/home/charl/Workspace/reactNativeTsBoilerplate/src/store/language/selectors.ts": {"path":"/home/charl/Workspace/reactNativeTsBoilerplate/src/store/language/selectors.ts","statementMap":{"0":{"start":{"line":2,"column":30},"end":{"line":2,"column":55}},"1":{"start":{"line":2,"column":41},"end":{"line":2,"column":55}},"2":{"start":{"line":3,"column":28},"end":{"line":3,"column":99}},"3":{"start":{"line":3,"column":78},"end":{"line":3,"column":98}}},"fnMap":{"0":{"name":"(anonymous_0)","decl":{"start":{"line":2,"column":30},"end":{"line":2,"column":31}},"loc":{"start":{"line":2,"column":41},"end":{"line":2,"column":55}},"line":2},"1":{"name":"(anonymous_1)","decl":{"start":{"line":3,"column":61},"end":{"line":3,"column":62}},"loc":{"start":{"line":3,"column":78},"end":{"line":3,"column":98}},"line":3}},"branchMap":{},"s":{"0":4,"1":5,"2":4,"3":4},"f":{"0":5,"1":4},"b":{},"inputSourceMap":{"version":3,"file":"selectors.js","sourceRoot":"","sources":["selectors.ts"],"names":[],"mappings":"AAAA,OAAO,EAAE,cAAc,EAA4B,MAAM,UAAU,CAAA;AAInE,MAAM,CAAC,MAAM,cAAc,GAAsC,CAC7D,KAAe,KACd,KAAK,CAAC,QAAQ,CAAA;AAEnB,MAAM,CAAC,MAAM,YAAY,GAA+B,cAAc,CAClE,CAAC,cAAc,CAAC,EAChB,aAAa,IAAI,aAAa,CAAC,MAAM,CACxC,CAAA","sourcesContent":["import { createSelector, OutputSelector, Selector } from 'reselect'\nimport { AppState } from '../types'\nimport { LanguageState } from './types'\n\nexport const selectLanguage: Selector<AppState, LanguageState> = (\n    state: AppState\n) => state.language\n\nexport const selectLocale: Selector<AppState, string> = createSelector(\n    [selectLanguage],\n    languageState => languageState.locale\n)\n"]},"_coverageSchema":"332fd63041d2c1bcb487cc26dd0d5f7d97098a6c","hash":"10af1ec78e27294e6eebde7dbd6ec117a1b07514"}
,"/home/charl/Workspace/reactNativeTsBoilerplate/src/store/navigation/actions.ts": {"path":"/home/charl/Workspace/reactNativeTsBoilerplate/src/store/navigation/actions.ts","statementMap":{"0":{"start":{"line":1,"column":31},"end":{"line":1,"column":52}},"1":{"start":{"line":2,"column":24},"end":{"line":5,"column":2}},"2":{"start":{"line":2,"column":38},"end":{"line":5,"column":1}}},"fnMap":{"0":{"name":"(anonymous_0)","decl":{"start":{"line":2,"column":24},"end":{"line":2,"column":25}},"loc":{"start":{"line":2,"column":38},"end":{"line":5,"column":1}},"line":2}},"branchMap":{},"s":{"0":3,"1":3,"2":1},"f":{"0":1},"b":{},"inputSourceMap":{"version":3,"file":"actions.js","sourceRoot":"","sources":["actions.ts"],"names":[],"mappings":"AAGA,MAAM,CAAC,MAAM,eAAe,GAAG,qBAAqB,CAAA;AAEpD,MAAM,CAAC,MAAM,QAAQ,GAAoC,SAAS,IAAI,CAAC;IACnE,IAAI,EAAE,eAAe;IACrB,SAAS;CACZ,CAAC,CAAA","sourcesContent":["import { ActionCreator } from 'redux'\nimport { NavigationAction } from './types'\n\nexport const NAVIGATE_ACTION = 'Navigation/NAVIGATE'\n\nexport const navigate: ActionCreator<NavigationAction> = routeName => ({\n    type: NAVIGATE_ACTION,\n    routeName,\n})\n"]},"_coverageSchema":"332fd63041d2c1bcb487cc26dd0d5f7d97098a6c","hash":"6846390e75729cd3002e9ba9ee3e4eca48d1a685"}
,"/home/charl/Workspace/reactNativeTsBoilerplate/src/store/navigation/index.ts": {"path":"/home/charl/Workspace/reactNativeTsBoilerplate/src/store/navigation/index.ts","statementMap":{},"fnMap":{},"branchMap":{},"s":{},"f":{},"b":{},"inputSourceMap":{"version":3,"file":"index.js","sourceRoot":"","sources":["index.ts"],"names":[],"mappings":"AAAA,cAAc,WAAW,CAAA;AACzB,cAAc,WAAW,CAAA;AACzB,cAAc,aAAa,CAAA;AAC3B,cAAc,SAAS,CAAA","sourcesContent":["export * from './actions'\nexport * from './reducer'\nexport * from './selectors'\nexport * from './types'\n"]},"_coverageSchema":"332fd63041d2c1bcb487cc26dd0d5f7d97098a6c","hash":"9530781940bfc21a4c6f0454b894fe01c31a9a36"}
,"/home/charl/Workspace/reactNativeTsBoilerplate/src/store/navigation/reducer.ts": {"path":"/home/charl/Workspace/reactNativeTsBoilerplate/src/store/navigation/reducer.ts","statementMap":{"0":{"start":{"line":2,"column":28},"end":{"line":2,"column":120}},"1":{"start":{"line":3,"column":26},"end":{"line":6,"column":1}},"2":{"start":{"line":4,"column":22},"end":{"line":4,"column":71}},"3":{"start":{"line":5,"column":4},"end":{"line":5,"column":30}}},"fnMap":{"0":{"name":"(anonymous_0)","decl":{"start":{"line":3,"column":26},"end":{"line":3,"column":27}},"loc":{"start":{"line":3,"column":60},"end":{"line":6,"column":1}},"line":3}},"branchMap":{"0":{"loc":{"start":{"line":3,"column":27},"end":{"line":3,"column":47}},"type":"default-arg","locations":[{"start":{"line":3,"column":35},"end":{"line":3,"column":47}}],"line":3},"1":{"loc":{"start":{"line":5,"column":11},"end":{"line":5,"column":29}},"type":"binary-expr","locations":[{"start":{"line":5,"column":11},"end":{"line":5,"column":20}},{"start":{"line":5,"column":24},"end":{"line":5,"column":29}}],"line":5}},"s":{"0":9,"1":9,"2":16,"3":16},"f":{"0":16},"b":{"0":[8],"1":[16,0]},"inputSourceMap":{"version":3,"file":"reducer.js","sourceRoot":"","sources":["reducer.ts"],"names":[],"mappings":"AACA,OAAO,SAAS,MAAM,OAAO,CAAA;AAG7B,MAAM,CAAC,MAAM,YAAY,GAAoB,SAAS,CAAC,MAAM,CAAC,iBAAiB,CAC3E,SAAS,CAAC,MAAM,CAAC,yBAAyB,CAAC,MAAM,CAAC,EAClD,IAAI,CACP,CAAA;AAED,MAAM,iBAAiB,GAA6B,CAChD,KAAK,GAAG,YAAY,EACpB,MAAwB;IAExB,MAAM,SAAS,GAAG,SAAS,CAAC,MAAM,CAAC,iBAAiB,CAAC,MAAM,EAAE,KAAK,CAAC,CAAA;IAEnE,MAAM,CAAC,SAAS,IAAI,KAAK,CAAA;AAC7B,CAAC,CAAA;AAED,eAAe,iBAAiB,CAAA","sourcesContent":["import { Reducer } from 'redux'\nimport Navigator from 'pages'\nimport { NavigationState, NavigationAction } from './types'\n\nexport const initialState: NavigationState = Navigator.router.getStateForAction(\n    Navigator.router.getActionForPathAndParams('Home'),\n    null\n)\n\nconst navigationReducer: Reducer<NavigationState> = (\n    state = initialState,\n    action: NavigationAction\n) => {\n    const nextState = Navigator.router.getStateForAction(action, state)\n\n    return nextState || state\n}\n\nexport default navigationReducer\n"]},"_coverageSchema":"332fd63041d2c1bcb487cc26dd0d5f7d97098a6c","hash":"bc5965c4a46526f100b780ab37790d867d66f639"}
,"/home/charl/Workspace/reactNativeTsBoilerplate/src/store/navigation/selectors.ts": {"path":"/home/charl/Workspace/reactNativeTsBoilerplate/src/store/navigation/selectors.ts","statementMap":{"0":{"start":{"line":1,"column":32},"end":{"line":1,"column":59}},"1":{"start":{"line":1,"column":43},"end":{"line":1,"column":59}}},"fnMap":{"0":{"name":"(anonymous_0)","decl":{"start":{"line":1,"column":32},"end":{"line":1,"column":33}},"loc":{"start":{"line":1,"column":43},"end":{"line":1,"column":59}},"line":1}},"branchMap":{},"s":{"0":3,"1":4},"f":{"0":4},"b":{},"inputSourceMap":{"version":3,"file":"selectors.js","sourceRoot":"","sources":["selectors.ts"],"names":[],"mappings":"AAIA,MAAM,CAAC,MAAM,gBAAgB,GAAwC,CACjE,KAAe,KACd,KAAK,CAAC,UAAU,CAAA","sourcesContent":["import { createSelector, Selector } from 'reselect'\nimport { AppState } from '../types'\nimport { NavigationState } from './types'\n\nexport const selectNavigation: Selector<AppState, NavigationState> = (\n    state: AppState\n) => state.navigation\n"]},"_coverageSchema":"332fd63041d2c1bcb487cc26dd0d5f7d97098a6c","hash":"00976abdb2262f5e35282bd569382d488dcb6b04"}
}
