TN:
SF:/home/charl/Workspace/reactNativeTsBoilerplate/src/config.ts
FNF:0
FNH:0
DA:3,13
DA:4,13
DA:5,0
LF:3
LH:2
BRDA:4,0,0,0
BRDA:4,0,1,13
BRF:2
BRH:1
end_of_record
TN:
SF:/home/charl/Workspace/reactNativeTsBoilerplate/src/i18n.ts
FN:13,(anonymous_0)
FNF:1
FNH:1
FNDA:9,(anonymous_0)
DA:11,3
DA:12,3
DA:13,3
DA:14,9
DA:17,9
DA:18,9
DA:19,9
DA:20,9
DA:27,9
DA:29,3
LF:10
LH:10
BRDA:14,0,0,3
BRDA:14,0,1,6
BRDA:21,1,0,6
BRDA:21,1,1,3
BRDA:24,2,0,3
BRDA:24,2,1,0
BRF:6
BRH:5
end_of_record
TN:
SF:/home/charl/Workspace/reactNativeTsBoilerplate/src/index.tsx
FN:9,(anonymous_0)
FNF:1
FNH:1
FNDA:1,(anonymous_0)
DA:10,1
DA:15,1
LF:2
LH:2
BRF:0
BRH:0
end_of_record
TN:
SF:/home/charl/Workspace/reactNativeTsBoilerplate/src/components/intl/FormattedDate.tsx
FN:4,(anonymous_0)
FN:5,(anonymous_1)
FNF:2
FNH:2
FNDA:1,(anonymous_0)
FNDA:1,(anonymous_1)
DA:4,11
DA:5,1
LF:2
LH:2
BRF:0
BRH:0
end_of_record
TN:
SF:/home/charl/Workspace/reactNativeTsBoilerplate/src/components/intl/FormattedMessage.tsx
FN:4,(anonymous_0)
FN:5,(anonymous_1)
FN:6,(anonymous_2)
FNF:3
FNH:3
FNDA:4,(anonymous_0)
FNDA:4,(anonymous_1)
FNDA:4,(anonymous_2)
DA:4,11
DA:5,4
DA:6,4
DA:7,4
DA:8,4
DA:10,0
DA:12,4
LF:7
LH:6
BRDA:7,0,0,4
BRDA:7,0,1,0
BRF:2
BRH:1
end_of_record
TN:
SF:/home/charl/Workspace/reactNativeTsBoilerplate/src/components/intl/FormattedNumber.tsx
FN:1,(anonymous_0)
FN:13,(anonymous_1)
FN:16,(anonymous_2)
FNF:3
FNH:3
FNDA:1,(anonymous_0)
FNDA:1,(anonymous_1)
FNDA:1,(anonymous_2)
DA:1,11
DA:2,1
DA:3,2
DA:4,1
DA:5,1
DA:6,1
DA:7,0
DA:8,1
DA:13,11
DA:14,1
DA:15,1
DA:16,1
LF:12
LH:11
BRDA:1,0,0,11
BRDA:1,0,1,0
BRDA:1,0,2,11
BRDA:3,1,0,1
BRDA:3,1,1,1
BRDA:3,2,0,2
BRDA:3,2,1,2
BRDA:5,3,0,1
BRDA:5,3,1,0
BRDA:5,4,0,1
BRDA:5,4,1,1
BRDA:6,5,0,0
BRDA:6,5,1,0
BRF:13
BRH:9
end_of_record
TN:
SF:/home/charl/Workspace/reactNativeTsBoilerplate/src/components/intl/FormattedPlural.tsx
FN:4,(anonymous_0)
FN:5,(anonymous_1)
FNF:2
FNH:2
FNDA:1,(anonymous_0)
FNDA:1,(anonymous_1)
DA:4,11
DA:5,1
LF:2
LH:2
BRF:0
BRH:0
end_of_record
TN:
SF:/home/charl/Workspace/reactNativeTsBoilerplate/src/components/intl/FormattedTime.tsx
FN:4,(anonymous_0)
FN:5,(anonymous_1)
FNF:2
FNH:2
FNDA:1,(anonymous_0)
FNDA:1,(anonymous_1)
DA:4,11
DA:5,1
LF:2
LH:2
BRF:0
BRH:0
end_of_record
TN:
SF:/home/charl/Workspace/reactNativeTsBoilerplate/src/components/intl/index.ts
FNF:0
FNH:0
LF:0
LH:0
BRF:0
BRH:0
end_of_record
TN:
SF:/home/charl/Workspace/reactNativeTsBoilerplate/src/containers/LanguageProvider/index.tsx
FN:6,(anonymous_0)
FN:9,(anonymous_1)
FNF:2
FNH:2
FNDA:2,(anonymous_0)
FNDA:3,(anonymous_1)
DA:6,2
DA:7,2
DA:9,3
LF:3
LH:3
BRDA:6,0,0,1
BRF:1
BRH:1
end_of_record
TN:
SF:/home/charl/Workspace/reactNativeTsBoilerplate/src/containers/Root/index.tsx
FN:12,(anonymous_0)
FN:17,(anonymous_1)
FN:29,(anonymous_2)
FN:32,(anonymous_3)
FNF:4
FNH:4
FNDA:2,(anonymous_0)
FNDA:2,(anonymous_1)
FNDA:3,(anonymous_2)
FNDA:1,(anonymous_3)
DA:13,2
DA:14,2
DA:18,2
DA:26,2
DA:29,3
DA:32,2
DA:33,1
LF:7
LH:7
BRDA:13,0,0,2
BRDA:13,0,1,0
BRF:2
BRH:1
end_of_record
TN:
SF:/home/charl/Workspace/reactNativeTsBoilerplate/src/containers/Root/styles.ts
FNF:0
FNH:0
LF:0
LH:0
BRF:0
BRH:0
end_of_record
TN:
SF:/home/charl/Workspace/reactNativeTsBoilerplate/src/pages/index.ts
FNF:0
FNH:0
LF:0
LH:0
BRF:0
BRH:0
end_of_record
TN:
SF:/home/charl/Workspace/reactNativeTsBoilerplate/src/pages/Home/index.tsx
FN:8,(anonymous_0)
FN:16,(anonymous_1)
FN:16,(anonymous_2)
FNF:3
FNH:3
FNDA:3,(anonymous_0)
FNDA:3,(anonymous_1)
FNDA:3,(anonymous_2)
DA:9,3
DA:13,10
DA:16,3
LF:3
LH:3
BRF:0
BRH:0
end_of_record
TN:
SF:/home/charl/Workspace/reactNativeTsBoilerplate/src/pages/Home/messages.ts
FNF:0
FNH:0
LF:0
LH:0
BRF:0
BRH:0
end_of_record
TN:
SF:/home/charl/Workspace/reactNativeTsBoilerplate/src/store/epicMiddleware.ts
FNF:0
FNH:0
DA:6,4
DA:9,4
DA:12,4
DA:13,4
LF:4
LH:4
BRF:0
BRH:0
end_of_record
TN:
SF:/home/charl/Workspace/reactNativeTsBoilerplate/src/store/index.ts
FN:14,(anonymous_0)
FN:17,(anonymous_1)
FNF:2
FNH:1
FNDA:2,(anonymous_0)
FNDA:0,(anonymous_1)
DA:8,2
DA:9,2
DA:10,2
DA:14,2
DA:15,2
DA:17,2
DA:18,0
DA:20,2
DA:21,2
LF:9
LH:8
BRDA:20,0,0,2
BRDA:20,0,1,0
BRF:2
BRH:1
end_of_record
TN:
SF:/home/charl/Workspace/reactNativeTsBoilerplate/src/store/rootReducer.ts
FNF:0
FNH:0
DA:5,3
LF:1
LH:1
BRF:0
BRH:0
end_of_record
TN:
SF:/home/charl/Workspace/reactNativeTsBoilerplate/src/store/_helpers_/initialState.ts
FNF:0
FNH:0
DA:4,7
LF:1
LH:1
BRF:0
BRH:0
end_of_record
TN:
SF:/home/charl/Workspace/reactNativeTsBoilerplate/src/store/language/actions.ts
FN:4,(anonymous_0)
FN:7,(anonymous_1)
FN:11,(anonymous_2)
FNF:3
FNH:3
FNDA:6,(anonymous_0)
FNDA:8,(anonymous_1)
FNDA:2,(anonymous_2)
DA:1,12
DA:2,12
DA:3,12
DA:4,12
DA:7,12
DA:11,12
LF:6
LH:6
BRF:0
BRH:0
end_of_record
TN:
SF:/home/charl/Workspace/reactNativeTsBoilerplate/src/store/language/api.ts
FN:4,(anonymous_0)
FN:7,(anonymous_1)
FNF:2
FNH:2
FNDA:1,(anonymous_0)
FNDA:2,(anonymous_1)
DA:5,1
DA:8,2
LF:2
LH:2
BRF:0
BRH:0
end_of_record
TN:
SF:/home/charl/Workspace/reactNativeTsBoilerplate/src/store/language/epic.ts
FN:4,(anonymous_0)
FN:5,(anonymous_1)
FN:8,(anonymous_2)
FN:14,(anonymous_3)
FNF:4
FNH:4
FNDA:13,(anonymous_0)
FNDA:6,(anonymous_1)
FNDA:5,(anonymous_2)
FNDA:1,(anonymous_3)
DA:4,6
DA:5,13
DA:6,6
DA:9,5
DA:12,5
DA:14,1
LF:6
LH:6
BRDA:9,0,0,5
BRDA:9,0,1,0
BRF:2
BRH:1
end_of_record
TN:
SF:/home/charl/Workspace/reactNativeTsBoilerplate/src/store/language/index.ts
FNF:0
FNH:0
LF:0
LH:0
BRF:0
BRH:0
end_of_record
TN:
SF:/home/charl/Workspace/reactNativeTsBoilerplate/src/store/language/reducer.ts
FN:7,(anonymous_0)
FNF:1
FNH:1
FNDA:18,(anonymous_0)
DA:3,9
DA:7,9
DA:8,18
DA:10,2
DA:12,1
DA:14,15
LF:6
LH:6
BRDA:7,0,0,8
BRDA:8,1,0,2
BRDA:8,1,1,1
BRDA:8,1,2,15
BRF:4
BRH:4
end_of_record
TN:
SF:/home/charl/Workspace/reactNativeTsBoilerplate/src/store/language/selectors.ts
FN:2,(anonymous_0)
FN:3,(anonymous_1)
FNF:2
FNH:2
FNDA:5,(anonymous_0)
FNDA:4,(anonymous_1)
DA:2,5
DA:3,4
LF:2
LH:2
BRF:0
BRH:0
end_of_record
TN:
SF:/home/charl/Workspace/reactNativeTsBoilerplate/src/store/navigation/actions.ts
FN:2,(anonymous_0)
FNF:1
FNH:1
FNDA:1,(anonymous_0)
DA:1,3
DA:2,3
LF:2
LH:2
BRF:0
BRH:0
end_of_record
TN:
SF:/home/charl/Workspace/reactNativeTsBoilerplate/src/store/navigation/index.ts
FNF:0
FNH:0
LF:0
LH:0
BRF:0
BRH:0
end_of_record
TN:
SF:/home/charl/Workspace/reactNativeTsBoilerplate/src/store/navigation/reducer.ts
FN:3,(anonymous_0)
FNF:1
FNH:1
FNDA:16,(anonymous_0)
DA:2,9
DA:3,9
DA:4,16
DA:5,16
LF:4
LH:4
BRDA:3,0,0,8
BRDA:5,1,0,16
BRDA:5,1,1,0
BRF:3
BRH:2
end_of_record
TN:
SF:/home/charl/Workspace/reactNativeTsBoilerplate/src/store/navigation/selectors.ts
FN:1,(anonymous_0)
FNF:1
FNH:1
FNDA:4,(anonymous_0)
DA:1,4
LF:1
LH:1
BRF:0
BRH:0
end_of_record
